{"C:\\Users\\Sehoon\\projects\\javascript_test\\src\\stack\\stack.js": {"path":"C:\\Users\\Sehoon\\projects\\javascript_test\\src\\stack\\stack.js","all":false,"statementMap":{"0":{"start":{"line":1,"column":0},"end":{"line":1,"column":13}},"1":{"start":{"line":2,"column":0},"end":{"line":2,"column":17}},"2":{"start":{"line":3,"column":0},"end":{"line":3,"column":21}},"3":{"start":{"line":4,"column":0},"end":{"line":4,"column":20}},"4":{"start":{"line":5,"column":0},"end":{"line":5,"column":3}},"5":{"start":{"line":6,"column":0},"end":{"line":6,"column":0}},"6":{"start":{"line":7,"column":0},"end":{"line":7,"column":17}},"7":{"start":{"line":8,"column":0},"end":{"line":8,"column":36}},"8":{"start":{"line":9,"column":0},"end":{"line":9,"column":46}},"9":{"start":{"line":10,"column":0},"end":{"line":10,"column":5}},"10":{"start":{"line":11,"column":0},"end":{"line":11,"column":46}},"11":{"start":{"line":12,"column":0},"end":{"line":12,"column":21}},"12":{"start":{"line":13,"column":0},"end":{"line":13,"column":18}},"13":{"start":{"line":14,"column":0},"end":{"line":14,"column":3}},"14":{"start":{"line":15,"column":0},"end":{"line":15,"column":0}},"15":{"start":{"line":16,"column":0},"end":{"line":16,"column":9}},"16":{"start":{"line":17,"column":0},"end":{"line":17,"column":23}},"17":{"start":{"line":18,"column":0},"end":{"line":18,"column":41}},"18":{"start":{"line":19,"column":0},"end":{"line":19,"column":5}},"19":{"start":{"line":20,"column":0},"end":{"line":20,"column":34}},"20":{"start":{"line":21,"column":0},"end":{"line":21,"column":30}},"21":{"start":{"line":22,"column":0},"end":{"line":22,"column":18}},"22":{"start":{"line":23,"column":0},"end":{"line":23,"column":16}},"23":{"start":{"line":24,"column":0},"end":{"line":24,"column":3}},"24":{"start":{"line":25,"column":0},"end":{"line":25,"column":0}},"25":{"start":{"line":26,"column":0},"end":{"line":26,"column":10}},"26":{"start":{"line":27,"column":0},"end":{"line":27,"column":23}},"27":{"start":{"line":28,"column":0},"end":{"line":28,"column":41}},"28":{"start":{"line":29,"column":0},"end":{"line":29,"column":5}},"29":{"start":{"line":30,"column":0},"end":{"line":30,"column":29}},"30":{"start":{"line":31,"column":0},"end":{"line":31,"column":3}},"31":{"start":{"line":32,"column":0},"end":{"line":32,"column":1}},"32":{"start":{"line":33,"column":0},"end":{"line":33,"column":0}},"33":{"start":{"line":34,"column":0},"end":{"line":34,"column":23}}},"s":{"0":1,"1":1,"2":8,"3":8,"4":8,"5":1,"6":1,"7":7,"8":1,"9":1,"10":6,"11":6,"12":6,"13":6,"14":1,"15":1,"16":2,"17":1,"18":1,"19":1,"20":1,"21":1,"22":1,"23":1,"24":1,"25":1,"26":2,"27":1,"28":1,"29":1,"30":1,"31":1,"32":1,"33":1},"branchMap":{"0":{"type":"branch","line":2,"loc":{"start":{"line":2,"column":2},"end":{"line":5,"column":3}},"locations":[{"start":{"line":2,"column":2},"end":{"line":5,"column":3}}]},"1":{"type":"branch","line":7,"loc":{"start":{"line":7,"column":2},"end":{"line":14,"column":3}},"locations":[{"start":{"line":7,"column":2},"end":{"line":14,"column":3}}]},"2":{"type":"branch","line":8,"loc":{"start":{"line":8,"column":16},"end":{"line":8,"column":33}},"locations":[{"start":{"line":8,"column":16},"end":{"line":8,"column":33}}]},"3":{"type":"branch","line":8,"loc":{"start":{"line":8,"column":35},"end":{"line":10,"column":5}},"locations":[{"start":{"line":8,"column":35},"end":{"line":10,"column":5}}]},"4":{"type":"branch","line":10,"loc":{"start":{"line":10,"column":4},"end":{"line":14,"column":3}},"locations":[{"start":{"line":10,"column":4},"end":{"line":14,"column":3}}]},"5":{"type":"branch","line":16,"loc":{"start":{"line":16,"column":2},"end":{"line":24,"column":3}},"locations":[{"start":{"line":16,"column":2},"end":{"line":24,"column":3}}]},"6":{"type":"branch","line":17,"loc":{"start":{"line":17,"column":22},"end":{"line":24,"column":3}},"locations":[{"start":{"line":17,"column":22},"end":{"line":24,"column":3}}]},"7":{"type":"branch","line":26,"loc":{"start":{"line":26,"column":2},"end":{"line":31,"column":3}},"locations":[{"start":{"line":26,"column":2},"end":{"line":31,"column":3}}]},"8":{"type":"branch","line":27,"loc":{"start":{"line":27,"column":22},"end":{"line":31,"column":3}},"locations":[{"start":{"line":27,"column":22},"end":{"line":31,"column":3}}]}},"b":{"0":[8],"1":[7],"2":[2],"3":[1],"4":[6],"5":[2],"6":[1],"7":[2],"8":[1]},"fnMap":{"0":{"name":"Stack","decl":{"start":{"line":2,"column":2},"end":{"line":5,"column":3}},"loc":{"start":{"line":2,"column":2},"end":{"line":5,"column":3}},"line":2},"1":{"name":"push","decl":{"start":{"line":7,"column":2},"end":{"line":14,"column":3}},"loc":{"start":{"line":7,"column":2},"end":{"line":14,"column":3}},"line":7},"2":{"name":"pop","decl":{"start":{"line":16,"column":2},"end":{"line":24,"column":3}},"loc":{"start":{"line":16,"column":2},"end":{"line":24,"column":3}},"line":16},"3":{"name":"peek","decl":{"start":{"line":26,"column":2},"end":{"line":31,"column":3}},"loc":{"start":{"line":26,"column":2},"end":{"line":31,"column":3}},"line":26}},"f":{"0":8,"1":7,"2":2,"3":2}}
}
