TN:
SF:src\stack\stack.js
FN:2,Stack
FN:7,push
FN:15,pop
FN:24,peek
FNF:4
FNH:4
FNDA:8,Stack
FNDA:7,push
FNDA:2,pop
FNDA:2,peek
DA:1,1
DA:2,1
DA:3,8
DA:4,8
DA:5,8
DA:6,1
DA:7,1
DA:8,7
DA:9,1
DA:10,1
DA:11,6
DA:12,6
DA:13,6
DA:14,1
DA:15,1
DA:16,2
DA:17,1
DA:18,1
DA:19,1
DA:20,1
DA:21,1
DA:22,1
DA:23,1
DA:24,1
DA:25,2
DA:26,1
DA:27,1
DA:28,1
DA:29,1
DA:30,1
DA:31,1
DA:32,1
LF:32
LH:32
BRDA:2,0,0,8
BRDA:7,1,0,7
BRDA:8,2,0,2
BRDA:8,3,0,1
BRDA:10,4,0,6
BRDA:15,5,0,2
BRDA:16,6,0,1
BRDA:24,7,0,2
BRDA:25,8,0,1
BRF:9
BRH:9
end_of_record
