TN:
SF:src\add.js
FN:1,add
FNF:1
FNH:1
FNDA:1,add
DA:1,1
DA:2,1
DA:3,1
DA:4,1
LF:4
LH:4
BRDA:1,0,0,1
BRF:1
BRH:1
end_of_record
TN:
SF:src\calculator.js
FN:2,Calculator
FN:5,set
FN:8,clear
FN:11,add
FN:14,substract
FN:17,multiply
FN:20,divide
FNF:7
FNH:7
FNDA:9,Calculator
FNDA:7,set
FNDA:1,clear
FNDA:1,add
FNDA:1,substract
FNDA:1,multiply
FNDA:3,divide
DA:1,1
DA:2,1
DA:3,9
DA:4,9
DA:5,1
DA:6,7
DA:7,7
DA:8,1
DA:9,1
DA:10,1
DA:11,1
DA:12,1
DA:13,1
DA:14,1
DA:15,1
DA:16,1
DA:17,1
DA:18,1
DA:19,1
DA:20,1
DA:21,3
DA:22,3
DA:23,1
DA:24,1
DA:25,1
LF:25
LH:25
BRDA:2,0,0,9
BRDA:5,1,0,7
BRDA:8,2,0,1
BRDA:11,3,0,1
BRDA:14,4,0,1
BRDA:17,5,0,1
BRDA:20,6,0,3
BRF:7
BRH:7
end_of_record
